Arguments: 
  /usr/local/Cellar/node/11.1.0/bin/node /Users/z002rgr/.yarn/bin/yarn.js add -D @types/errorHandler

PATH: 
  /Users/z002rgr/.yarn/bin:/Users/z002rgr/.config/yarn/global/node_modules/.bin:/Library/Frameworks/Python.framework/Versions/2.7/bin:/usr/local/bin:/usr/bin:/bin:/usr/sbin:/sbin:/Users/z002rgr/.yarn/bin:/Users/z002rgr/.config/yarn/global/node_modules/.bin:/Library/Frameworks/Python.framework/Versions/2.7/bin:/Library/Java/JavaVirtualMachines/jdk1.8.0_181.jdk/Contents/Home/bin:/usr/local/Cellar/postgresql@9.6/9.6.10/bin:/Users/z002rgr/Tools/gardenia:/Users/z002rgr/Tools/kafka/kafka_2.12-0.11.0.3/bin:/Library/Java/JavaVirtualMachines/jdk1.8.0_181.jdk/Contents/Home/bin:/usr/local/Cellar/postgresql@9.6/9.6.10/bin:/Users/z002rgr/Tools/gardenia:/Users/z002rgr/Tools/kafka/kafka_2.12-0.11.0.3/bin

Yarn version: 
  1.12.3

Node version: 
  11.1.0

Platform: 
  darwin x64

Trace: 
  Error: https://registry.yarnpkg.com/@types%2ferrorHandler: Not found
      at Request.params.callback [as _callback] (/Users/z002rgr/.yarn/lib/cli.js:65894:18)
      at Request.self.callback (/Users/z002rgr/.yarn/lib/cli.js:129018:22)
      at Request.emit (events.js:182:13)
      at Request.<anonymous> (/Users/z002rgr/.yarn/lib/cli.js:129990:10)
      at Request.emit (events.js:182:13)
      at IncomingMessage.<anonymous> (/Users/z002rgr/.yarn/lib/cli.js:129912:12)
      at Object.onceWrapper (events.js:273:13)
      at IncomingMessage.emit (events.js:187:15)
      at endReadableNT (_stream_readable.js:1094:12)
      at process.internalTickCallback (internal/process/next_tick.js:72:19)

npm manifest: 
  {
    "name": "@hipster-store/apricot",
    "version": "1.0.0",
    "description": "> TODO: description",
    "author": "Richard.AmoakoAgyei <richard.agyei@github.com>",
    "homepage": "https://github.com/rnkoaa/consul-node#readme",
    "license": "ISC",
    "main": "lib/index.js",
    "typings": "lib/index.d.ts",
    "directories": {
      "lib": "lib",
      "test": "__tests__"
    },
    "files": [
      "lib"
    ],
    "repository": {
      "type": "git",
      "url": "git+https://github.com/rnkoaa/consul-node.git"
    },
    "scripts": {
      "dev": "nodemon",
      "start": "tsc && node -r dotenv/config dist/server.js",
      "build": "tsc",
      "test": "echo \"Error: no test specified\" && exit 1"
    },
    "devDependencies": {
      "@types/async": "^2.0.49",
      "@types/compression": "0.0.36",
      "@types/consul": "^0.23.32",
      "@types/dotenv": "^6.1.0",
      "@types/errorhandler": "^0.0.32",
      "@types/express": "^4.11.1",
      "@types/jest": "^23.3.9",
      "@types/node": "^10.12.6",
      "del": "^3.0.0",
      "eslint": "^5.9.0",
      "run-sequence": "^2.2.1",
      "ts-jest": "^23.10.4",
      "ts-node": "^7.0.1",
      "tslint": "^5.9.1",
      "typescript": "^3.1.6"
    },
    "dependencies": {
      "@hipster-store/consul-discovery-service": "1.0.0",
      "async": "^2.6.0",
      "axios": "^0.18.0",
      "body-parser": "^1.18.2",
      "compression": "^1.7.1",
      "consul": "^0.34.1",
      "dotenv": "^6.1.0",
      "express": "^4.16.2",
      "express-flash": "0.0.2",
      "express-handlebars": "^3.0.0",
      "express-validator": "^5.1.2",
      "nconf": "0.10.0",
      "request": "^2.83.0",
      "request-promise": "^4.2.2",
      "winston": "^3.1.0"
    },
    "bugs": {
      "url": "https://github.com/rnkoaa/consul-node/issues"
    }
  }

yarn manifest: 
  No manifest

Lockfile: 
  No lockfile
